Started GET "/" for ::1 at 2024-12-31 22:06:24 +0800
  [1m[35m (88.3ms)[0m  [1m[35mCREATE TABLE "schema_migrations" ("version" varchar NOT NULL PRIMARY KEY)[0m
  [1m[35m (254.4ms)[0m  [1m[35mCREATE TABLE "ar_internal_metadata" ("key" varchar NOT NULL PRIMARY KEY, "value" varchar, "created_at" datetime(6) NOT NULL, "updated_at" datetime(6) NOT NULL)[0m
  [1m[36mActiveRecord::SchemaMigration Pluck (0.3ms)[0m  [1m[34mSELECT "schema_migrations"."version" FROM "schema_migrations" ORDER BY "schema_migrations"."version" ASC[0m
  
ActiveRecord::PendingMigrationError (

Migrations are pending. To resolve this issue, run:

        bin/rails db:migrate RAILS_ENV=development

You have 6 pending migrations:

20230715013933_devise_create_users.rb
20230715025530_add_name_to_users.rb
20230716150845_create_friendships.rb
20230716150913_create_posts.rb
20230716150955_create_comments.rb
20230716151012_create_likes.rb


):
  
activerecord (7.0.6) lib/active_record/migration.rb:627:in `check_pending!'
activerecord (7.0.6) lib/active_record/migration.rb:592:in `block (2 levels) in call'
activesupport (7.0.6) lib/active_support/file_update_checker.rb:83:in `execute'
activerecord (7.0.6) lib/active_record/migration.rb:597:in `block in call'
activerecord (7.0.6) lib/active_record/migration.rb:589:in `synchronize'
activerecord (7.0.6) lib/active_record/migration.rb:589:in `call'
actionpack (7.0.6) lib/action_dispatch/middleware/callbacks.rb:27:in `block in call'
activesupport (7.0.6) lib/active_support/callbacks.rb:99:in `run_callbacks'
actionpack (7.0.6) lib/action_dispatch/middleware/callbacks.rb:26:in `call'
actionpack (7.0.6) lib/action_dispatch/middleware/executor.rb:14:in `call'
actionpack (7.0.6) lib/action_dispatch/middleware/actionable_exceptions.rb:17:in `call'
actionpack (7.0.6) lib/action_dispatch/middleware/debug_exceptions.rb:28:in `call'
web-console (4.2.0) lib/web_console/middleware.rb:132:in `call_app'
web-console (4.2.0) lib/web_console/middleware.rb:28:in `block in call'
web-console (4.2.0) lib/web_console/middleware.rb:17:in `catch'
web-console (4.2.0) lib/web_console/middleware.rb:17:in `call'
actionpack (7.0.6) lib/action_dispatch/middleware/show_exceptions.rb:29:in `call'
railties (7.0.6) lib/rails/rack/logger.rb:40:in `call_app'
railties (7.0.6) lib/rails/rack/logger.rb:25:in `block in call'
activesupport (7.0.6) lib/active_support/tagged_logging.rb:99:in `block in tagged'
activesupport (7.0.6) lib/active_support/tagged_logging.rb:37:in `tagged'
activesupport (7.0.6) lib/active_support/tagged_logging.rb:99:in `tagged'
railties (7.0.6) lib/rails/rack/logger.rb:25:in `call'
sprockets-rails (3.4.2) lib/sprockets/rails/quiet_assets.rb:13:in `call'
actionpack (7.0.6) lib/action_dispatch/middleware/remote_ip.rb:93:in `call'
actionpack (7.0.6) lib/action_dispatch/middleware/request_id.rb:26:in `call'
rack (2.2.7) lib/rack/method_override.rb:24:in `call'
rack (2.2.7) lib/rack/runtime.rb:22:in `call'
activesupport (7.0.6) lib/active_support/cache/strategy/local_cache_middleware.rb:29:in `call'
actionpack (7.0.6) lib/action_dispatch/middleware/server_timing.rb:61:in `block in call'
actionpack (7.0.6) lib/action_dispatch/middleware/server_timing.rb:26:in `collect_events'
actionpack (7.0.6) lib/action_dispatch/middleware/server_timing.rb:60:in `call'
actionpack (7.0.6) lib/action_dispatch/middleware/executor.rb:14:in `call'
actionpack (7.0.6) lib/action_dispatch/middleware/static.rb:23:in `call'
rack (2.2.7) lib/rack/sendfile.rb:110:in `call'
actionpack (7.0.6) lib/action_dispatch/middleware/host_authorization.rb:137:in `call'
railties (7.0.6) lib/rails/engine.rb:530:in `call'
puma (5.6.6) lib/puma/configuration.rb:252:in `call'
puma (5.6.6) lib/puma/request.rb:77:in `block in handle_request'
puma (5.6.6) lib/puma/thread_pool.rb:340:in `with_force_shutdown'
puma (5.6.6) lib/puma/request.rb:76:in `handle_request'
puma (5.6.6) lib/puma/server.rb:443:in `process_client'
puma (5.6.6) lib/puma/thread_pool.rb:147:in `block in spawn_thread'
Started GET "/" for ::1 at 2024-12-31 22:06:45 +0800
  [1m[36mActiveRecord::SchemaMigration Pluck (0.3ms)[0m  [1m[34mSELECT "schema_migrations"."version" FROM "schema_migrations" ORDER BY "schema_migrations"."version" ASC[0m
  [1m[36mCACHE ActiveRecord::SchemaMigration Pluck (0.0ms)[0m  [1m[34mSELECT "schema_migrations"."version" FROM "schema_migrations" ORDER BY "schema_migrations"."version" ASC[0m
  
ActiveRecord::PendingMigrationError (

Migrations are pending. To resolve this issue, run:

        bin/rails db:migrate RAILS_ENV=development

You have 6 pending migrations:

20230715013933_devise_create_users.rb
20230715025530_add_name_to_users.rb
20230716150845_create_friendships.rb
20230716150913_create_posts.rb
20230716150955_create_comments.rb
20230716151012_create_likes.rb


):
  
activerecord (7.0.6) lib/active_record/migration.rb:627:in `check_pending!'
activerecord (7.0.6) lib/active_record/migration.rb:592:in `block (2 levels) in call'
activesupport (7.0.6) lib/active_support/file_update_checker.rb:83:in `execute'
activerecord (7.0.6) lib/active_record/migration.rb:597:in `block in call'
activerecord (7.0.6) lib/active_record/migration.rb:589:in `synchronize'
activerecord (7.0.6) lib/active_record/migration.rb:589:in `call'
actionpack (7.0.6) lib/action_dispatch/middleware/callbacks.rb:27:in `block in call'
activesupport (7.0.6) lib/active_support/callbacks.rb:99:in `run_callbacks'
actionpack (7.0.6) lib/action_dispatch/middleware/callbacks.rb:26:in `call'
actionpack (7.0.6) lib/action_dispatch/middleware/executor.rb:14:in `call'
actionpack (7.0.6) lib/action_dispatch/middleware/actionable_exceptions.rb:17:in `call'
actionpack (7.0.6) lib/action_dispatch/middleware/debug_exceptions.rb:28:in `call'
web-console (4.2.0) lib/web_console/middleware.rb:132:in `call_app'
web-console (4.2.0) lib/web_console/middleware.rb:28:in `block in call'
web-console (4.2.0) lib/web_console/middleware.rb:17:in `catch'
web-console (4.2.0) lib/web_console/middleware.rb:17:in `call'
actionpack (7.0.6) lib/action_dispatch/middleware/show_exceptions.rb:29:in `call'
railties (7.0.6) lib/rails/rack/logger.rb:40:in `call_app'
railties (7.0.6) lib/rails/rack/logger.rb:25:in `block in call'
activesupport (7.0.6) lib/active_support/tagged_logging.rb:99:in `block in tagged'
activesupport (7.0.6) lib/active_support/tagged_logging.rb:37:in `tagged'
activesupport (7.0.6) lib/active_support/tagged_logging.rb:99:in `tagged'
railties (7.0.6) lib/rails/rack/logger.rb:25:in `call'
sprockets-rails (3.4.2) lib/sprockets/rails/quiet_assets.rb:13:in `call'
actionpack (7.0.6) lib/action_dispatch/middleware/remote_ip.rb:93:in `call'
actionpack (7.0.6) lib/action_dispatch/middleware/request_id.rb:26:in `call'
rack (2.2.7) lib/rack/method_override.rb:24:in `call'
rack (2.2.7) lib/rack/runtime.rb:22:in `call'
activesupport (7.0.6) lib/active_support/cache/strategy/local_cache_middleware.rb:29:in `call'
actionpack (7.0.6) lib/action_dispatch/middleware/server_timing.rb:61:in `block in call'
actionpack (7.0.6) lib/action_dispatch/middleware/server_timing.rb:26:in `collect_events'
actionpack (7.0.6) lib/action_dispatch/middleware/server_timing.rb:60:in `call'
actionpack (7.0.6) lib/action_dispatch/middleware/executor.rb:14:in `call'
actionpack (7.0.6) lib/action_dispatch/middleware/static.rb:23:in `call'
rack (2.2.7) lib/rack/sendfile.rb:110:in `call'
actionpack (7.0.6) lib/action_dispatch/middleware/host_authorization.rb:137:in `call'
railties (7.0.6) lib/rails/engine.rb:530:in `call'
puma (5.6.6) lib/puma/configuration.rb:252:in `call'
puma (5.6.6) lib/puma/request.rb:77:in `block in handle_request'
puma (5.6.6) lib/puma/thread_pool.rb:340:in `with_force_shutdown'
puma (5.6.6) lib/puma/request.rb:76:in `handle_request'
puma (5.6.6) lib/puma/server.rb:443:in `process_client'
puma (5.6.6) lib/puma/thread_pool.rb:147:in `block in spawn_thread'
Started GET "/" for 127.0.0.1 at 2024-12-31 22:08:17 +0800
  [1m[36mActiveRecord::SchemaMigration Pluck (0.3ms)[0m  [1m[34mSELECT "schema_migrations"."version" FROM "schema_migrations" ORDER BY "schema_migrations"."version" ASC[0m
  [1m[36mCACHE ActiveRecord::SchemaMigration Pluck (0.0ms)[0m  [1m[34mSELECT "schema_migrations"."version" FROM "schema_migrations" ORDER BY "schema_migrations"."version" ASC[0m
  
ActiveRecord::PendingMigrationError (

Migrations are pending. To resolve this issue, run:

        bin/rails db:migrate RAILS_ENV=development

You have 6 pending migrations:

20230715013933_devise_create_users.rb
20230715025530_add_name_to_users.rb
20230716150845_create_friendships.rb
20230716150913_create_posts.rb
20230716150955_create_comments.rb
20230716151012_create_likes.rb


):
  
activerecord (7.0.6) lib/active_record/migration.rb:627:in `check_pending!'
activerecord (7.0.6) lib/active_record/migration.rb:592:in `block (2 levels) in call'
activesupport (7.0.6) lib/active_support/file_update_checker.rb:83:in `execute'
activerecord (7.0.6) lib/active_record/migration.rb:597:in `block in call'
activerecord (7.0.6) lib/active_record/migration.rb:589:in `synchronize'
activerecord (7.0.6) lib/active_record/migration.rb:589:in `call'
actionpack (7.0.6) lib/action_dispatch/middleware/callbacks.rb:27:in `block in call'
activesupport (7.0.6) lib/active_support/callbacks.rb:99:in `run_callbacks'
actionpack (7.0.6) lib/action_dispatch/middleware/callbacks.rb:26:in `call'
actionpack (7.0.6) lib/action_dispatch/middleware/executor.rb:14:in `call'
actionpack (7.0.6) lib/action_dispatch/middleware/actionable_exceptions.rb:17:in `call'
actionpack (7.0.6) lib/action_dispatch/middleware/debug_exceptions.rb:28:in `call'
web-console (4.2.0) lib/web_console/middleware.rb:132:in `call_app'
web-console (4.2.0) lib/web_console/middleware.rb:28:in `block in call'
web-console (4.2.0) lib/web_console/middleware.rb:17:in `catch'
web-console (4.2.0) lib/web_console/middleware.rb:17:in `call'
actionpack (7.0.6) lib/action_dispatch/middleware/show_exceptions.rb:29:in `call'
railties (7.0.6) lib/rails/rack/logger.rb:40:in `call_app'
railties (7.0.6) lib/rails/rack/logger.rb:25:in `block in call'
activesupport (7.0.6) lib/active_support/tagged_logging.rb:99:in `block in tagged'
activesupport (7.0.6) lib/active_support/tagged_logging.rb:37:in `tagged'
activesupport (7.0.6) lib/active_support/tagged_logging.rb:99:in `tagged'
railties (7.0.6) lib/rails/rack/logger.rb:25:in `call'
sprockets-rails (3.4.2) lib/sprockets/rails/quiet_assets.rb:13:in `call'
actionpack (7.0.6) lib/action_dispatch/middleware/remote_ip.rb:93:in `call'
actionpack (7.0.6) lib/action_dispatch/middleware/request_id.rb:26:in `call'
rack (2.2.7) lib/rack/method_override.rb:24:in `call'
rack (2.2.7) lib/rack/runtime.rb:22:in `call'
activesupport (7.0.6) lib/active_support/cache/strategy/local_cache_middleware.rb:29:in `call'
actionpack (7.0.6) lib/action_dispatch/middleware/server_timing.rb:61:in `block in call'
actionpack (7.0.6) lib/action_dispatch/middleware/server_timing.rb:26:in `collect_events'
actionpack (7.0.6) lib/action_dispatch/middleware/server_timing.rb:60:in `call'
actionpack (7.0.6) lib/action_dispatch/middleware/executor.rb:14:in `call'
actionpack (7.0.6) lib/action_dispatch/middleware/static.rb:23:in `call'
rack (2.2.7) lib/rack/sendfile.rb:110:in `call'
actionpack (7.0.6) lib/action_dispatch/middleware/host_authorization.rb:137:in `call'
railties (7.0.6) lib/rails/engine.rb:530:in `call'
puma (5.6.6) lib/puma/configuration.rb:252:in `call'
puma (5.6.6) lib/puma/request.rb:77:in `block in handle_request'
puma (5.6.6) lib/puma/thread_pool.rb:340:in `with_force_shutdown'
puma (5.6.6) lib/puma/request.rb:76:in `handle_request'
puma (5.6.6) lib/puma/server.rb:443:in `process_client'
puma (5.6.6) lib/puma/thread_pool.rb:147:in `block in spawn_thread'
Started GET "/" for ::1 at 2024-12-31 22:08:18 +0800
  [1m[36mActiveRecord::SchemaMigration Pluck (0.3ms)[0m  [1m[34mSELECT "schema_migrations"."version" FROM "schema_migrations" ORDER BY "schema_migrations"."version" ASC[0m
  [1m[36mCACHE ActiveRecord::SchemaMigration Pluck (0.0ms)[0m  [1m[34mSELECT "schema_migrations"."version" FROM "schema_migrations" ORDER BY "schema_migrations"."version" ASC[0m
  
ActiveRecord::PendingMigrationError (

Migrations are pending. To resolve this issue, run:

        bin/rails db:migrate RAILS_ENV=development

You have 6 pending migrations:

20230715013933_devise_create_users.rb
20230715025530_add_name_to_users.rb
20230716150845_create_friendships.rb
20230716150913_create_posts.rb
20230716150955_create_comments.rb
20230716151012_create_likes.rb


):
  
activerecord (7.0.6) lib/active_record/migration.rb:627:in `check_pending!'
activerecord (7.0.6) lib/active_record/migration.rb:592:in `block (2 levels) in call'
activesupport (7.0.6) lib/active_support/file_update_checker.rb:83:in `execute'
activerecord (7.0.6) lib/active_record/migration.rb:597:in `block in call'
activerecord (7.0.6) lib/active_record/migration.rb:589:in `synchronize'
activerecord (7.0.6) lib/active_record/migration.rb:589:in `call'
actionpack (7.0.6) lib/action_dispatch/middleware/callbacks.rb:27:in `block in call'
activesupport (7.0.6) lib/active_support/callbacks.rb:99:in `run_callbacks'
actionpack (7.0.6) lib/action_dispatch/middleware/callbacks.rb:26:in `call'
actionpack (7.0.6) lib/action_dispatch/middleware/executor.rb:14:in `call'
actionpack (7.0.6) lib/action_dispatch/middleware/actionable_exceptions.rb:17:in `call'
actionpack (7.0.6) lib/action_dispatch/middleware/debug_exceptions.rb:28:in `call'
web-console (4.2.0) lib/web_console/middleware.rb:132:in `call_app'
web-console (4.2.0) lib/web_console/middleware.rb:28:in `block in call'
web-console (4.2.0) lib/web_console/middleware.rb:17:in `catch'
web-console (4.2.0) lib/web_console/middleware.rb:17:in `call'
actionpack (7.0.6) lib/action_dispatch/middleware/show_exceptions.rb:29:in `call'
railties (7.0.6) lib/rails/rack/logger.rb:40:in `call_app'
railties (7.0.6) lib/rails/rack/logger.rb:25:in `block in call'
activesupport (7.0.6) lib/active_support/tagged_logging.rb:99:in `block in tagged'
activesupport (7.0.6) lib/active_support/tagged_logging.rb:37:in `tagged'
activesupport (7.0.6) lib/active_support/tagged_logging.rb:99:in `tagged'
railties (7.0.6) lib/rails/rack/logger.rb:25:in `call'
sprockets-rails (3.4.2) lib/sprockets/rails/quiet_assets.rb:13:in `call'
actionpack (7.0.6) lib/action_dispatch/middleware/remote_ip.rb:93:in `call'
actionpack (7.0.6) lib/action_dispatch/middleware/request_id.rb:26:in `call'
rack (2.2.7) lib/rack/method_override.rb:24:in `call'
rack (2.2.7) lib/rack/runtime.rb:22:in `call'
activesupport (7.0.6) lib/active_support/cache/strategy/local_cache_middleware.rb:29:in `call'
actionpack (7.0.6) lib/action_dispatch/middleware/server_timing.rb:61:in `block in call'
actionpack (7.0.6) lib/action_dispatch/middleware/server_timing.rb:26:in `collect_events'
actionpack (7.0.6) lib/action_dispatch/middleware/server_timing.rb:60:in `call'
actionpack (7.0.6) lib/action_dispatch/middleware/executor.rb:14:in `call'
actionpack (7.0.6) lib/action_dispatch/middleware/static.rb:23:in `call'
rack (2.2.7) lib/rack/sendfile.rb:110:in `call'
actionpack (7.0.6) lib/action_dispatch/middleware/host_authorization.rb:137:in `call'
railties (7.0.6) lib/rails/engine.rb:530:in `call'
puma (5.6.6) lib/puma/configuration.rb:252:in `call'
puma (5.6.6) lib/puma/request.rb:77:in `block in handle_request'
puma (5.6.6) lib/puma/thread_pool.rb:340:in `with_force_shutdown'
puma (5.6.6) lib/puma/request.rb:76:in `handle_request'
puma (5.6.6) lib/puma/server.rb:443:in `process_client'
puma (5.6.6) lib/puma/thread_pool.rb:147:in `block in spawn_thread'
Started POST "/rails/actions" for 127.0.0.1 at 2024-12-31 22:08:23 +0800
  [1m[36mActiveRecord::SchemaMigration Pluck (0.2ms)[0m  [1m[34mSELECT "schema_migrations"."version" FROM "schema_migrations" ORDER BY "schema_migrations"."version" ASC[0m
Migrating to DeviseCreateUsers (20230715013933)
  [1m[36mTRANSACTION (0.1ms)[0m  [1m[36mbegin transaction[0m
  [1m[35m (2.5ms)[0m  [1m[35mCREATE TABLE "users" ("id" integer PRIMARY KEY AUTOINCREMENT NOT NULL, "email" varchar DEFAULT '' NOT NULL, "encrypted_password" varchar DEFAULT '' NOT NULL, "reset_password_token" varchar, "reset_password_sent_at" datetime(6), "remember_created_at" datetime(6), "created_at" datetime(6) NOT NULL, "updated_at" datetime(6) NOT NULL)[0m
  [1m[35m (0.3ms)[0m  [1m[35mCREATE UNIQUE INDEX "index_users_on_email" ON "users" ("email")[0m
  [1m[35m (0.3ms)[0m  [1m[35mCREATE UNIQUE INDEX "index_users_on_reset_password_token" ON "users" ("reset_password_token")[0m
  [1m[36mActiveRecord::SchemaMigration Create (0.4ms)[0m  [1m[32mINSERT INTO "schema_migrations" ("version") VALUES (?)[0m  [["version", "20230715013933"]]
  [1m[36mTRANSACTION (7.8ms)[0m  [1m[36mcommit transaction[0m
Migrating to AddNameToUsers (20230715025530)
  [1m[36mTRANSACTION (0.1ms)[0m  [1m[36mbegin transaction[0m
  [1m[35m (1.9ms)[0m  [1m[35mALTER TABLE "users" ADD "name" varchar[0m
  [1m[36mActiveRecord::SchemaMigration Create (0.5ms)[0m  [1m[32mINSERT INTO "schema_migrations" ("version") VALUES (?)[0m  [["version", "20230715025530"]]
  [1m[36mTRANSACTION (7.9ms)[0m  [1m[36mcommit transaction[0m
Migrating to CreateFriendships (20230716150845)
  [1m[36mTRANSACTION (0.1ms)[0m  [1m[36mbegin transaction[0m
  [1m[35m (1.9ms)[0m  [1m[35mCREATE TABLE "friendships" ("id" integer PRIMARY KEY AUTOINCREMENT NOT NULL, "user_id" integer, "friend_id" integer, "status" varchar, "created_at" datetime(6) NOT NULL, "updated_at" datetime(6) NOT NULL, CONSTRAINT "fk_rails_e3733b59b7"
FOREIGN KEY ("user_id")
  REFERENCES "users" ("id")
, CONSTRAINT "fk_rails_d78dc9c7fd"
FOREIGN KEY ("friend_id")
  REFERENCES "users" ("id")
)[0m
  [1m[35m (0.2ms)[0m  [1m[35mCREATE INDEX "index_friendships_on_user_id" ON "friendships" ("user_id")[0m
  [1m[35m (0.3ms)[0m  [1m[35mCREATE INDEX "index_friendships_on_friend_id" ON "friendships" ("friend_id")[0m
  [1m[36mActiveRecord::SchemaMigration Create (0.3ms)[0m  [1m[32mINSERT INTO "schema_migrations" ("version") VALUES (?)[0m  [["version", "20230716150845"]]
  [1m[36mTRANSACTION (7.8ms)[0m  [1m[36mcommit transaction[0m
Migrating to CreatePosts (20230716150913)
  [1m[36mTRANSACTION (0.1ms)[0m  [1m[36mbegin transaction[0m
  [1m[35m (1.3ms)[0m  [1m[35mCREATE TABLE "posts" ("id" integer PRIMARY KEY AUTOINCREMENT NOT NULL, "content" text, "user_id" integer NOT NULL, "created_at" datetime(6) NOT NULL, "updated_at" datetime(6) NOT NULL, CONSTRAINT "fk_rails_5b5ddfd518"
FOREIGN KEY ("user_id")
  REFERENCES "users" ("id")
)[0m
  [1m[35m (0.2ms)[0m  [1m[35mCREATE INDEX "index_posts_on_user_id" ON "posts" ("user_id")[0m
  [1m[36mActiveRecord::SchemaMigration Create (0.3ms)[0m  [1m[32mINSERT INTO "schema_migrations" ("version") VALUES (?)[0m  [["version", "20230716150913"]]
  [1m[36mTRANSACTION (7.9ms)[0m  [1m[36mcommit transaction[0m
Migrating to CreateComments (20230716150955)
  [1m[36mTRANSACTION (0.2ms)[0m  [1m[36mbegin transaction[0m
  [1m[35m (1.5ms)[0m  [1m[35mCREATE TABLE "comments" ("id" integer PRIMARY KEY AUTOINCREMENT NOT NULL, "content" text, "user_id" integer NOT NULL, "post_id" integer NOT NULL, "created_at" datetime(6) NOT NULL, "updated_at" datetime(6) NOT NULL, CONSTRAINT "fk_rails_03de2dc08c"
FOREIGN KEY ("user_id")
  REFERENCES "users" ("id")
, CONSTRAINT "fk_rails_2fd19c0db7"
FOREIGN KEY ("post_id")
  REFERENCES "posts" ("id")
)[0m
  [1m[35m (0.3ms)[0m  [1m[35mCREATE INDEX "index_comments_on_user_id" ON "comments" ("user_id")[0m
  [1m[35m (0.2ms)[0m  [1m[35mCREATE INDEX "index_comments_on_post_id" ON "comments" ("post_id")[0m
  [1m[36mActiveRecord::SchemaMigration Create (0.3ms)[0m  [1m[32mINSERT INTO "schema_migrations" ("version") VALUES (?)[0m  [["version", "20230716150955"]]
  [1m[36mTRANSACTION (7.8ms)[0m  [1m[36mcommit transaction[0m
Migrating to CreateLikes (20230716151012)
  [1m[36mTRANSACTION (0.1ms)[0m  [1m[36mbegin transaction[0m
  [1m[35m (2.2ms)[0m  [1m[35mCREATE TABLE "likes" ("id" integer PRIMARY KEY AUTOINCREMENT NOT NULL, "user_id" integer NOT NULL, "post_id" integer NOT NULL, "created_at" datetime(6) NOT NULL, "updated_at" datetime(6) NOT NULL, CONSTRAINT "fk_rails_1e09b5dabf"
FOREIGN KEY ("user_id")
  REFERENCES "users" ("id")
, CONSTRAINT "fk_rails_87a8aac469"
FOREIGN KEY ("post_id")
  REFERENCES "posts" ("id")
)[0m
  [1m[35m (0.2ms)[0m  [1m[35mCREATE INDEX "index_likes_on_user_id" ON "likes" ("user_id")[0m
  [1m[35m (0.2ms)[0m  [1m[35mCREATE INDEX "index_likes_on_post_id" ON "likes" ("post_id")[0m
  [1m[36mActiveRecord::SchemaMigration Create (0.3ms)[0m  [1m[32mINSERT INTO "schema_migrations" ("version") VALUES (?)[0m  [["version", "20230716151012"]]
  [1m[36mTRANSACTION (7.7ms)[0m  [1m[36mcommit transaction[0m
  [1m[36mActiveRecord::InternalMetadata Load (0.4ms)[0m  [1m[34mSELECT "ar_internal_metadata".* FROM "ar_internal_metadata" WHERE "ar_internal_metadata"."key" = ? LIMIT ?[0m  [["key", "environment"], ["LIMIT", 1]]
  [1m[36mTRANSACTION (0.1ms)[0m  [1m[36mbegin transaction[0m
  [1m[36mActiveRecord::InternalMetadata Create (2.2ms)[0m  [1m[32mINSERT INTO "ar_internal_metadata" ("key", "value", "created_at", "updated_at") VALUES (?, ?, ?, ?)[0m  [["key", "environment"], ["value", "development"], ["created_at", "2024-12-31 14:08:23.865564"], ["updated_at", "2024-12-31 14:08:23.865564"]]
  [1m[36mTRANSACTION (6.9ms)[0m  [1m[36mcommit transaction[0m
  [1m[36mActiveRecord::SchemaMigration Pluck (0.2ms)[0m  [1m[34mSELECT "schema_migrations"."version" FROM "schema_migrations" ORDER BY "schema_migrations"."version" ASC[0m
Started GET "/" for 127.0.0.1 at 2024-12-31 22:08:24 +0800
  [1m[36mActiveRecord::SchemaMigration Pluck (0.2ms)[0m  [1m[34mSELECT "schema_migrations"."version" FROM "schema_migrations" ORDER BY "schema_migrations"."version" ASC[0m
Processing by HomeController#index as HTML
  Rendering layout layouts/application.html.erb
  Rendering home/index.html.erb within layouts/application
  Rendered home/_landing.html.erb (Duration: 11.9ms | Allocations: 310)
  Rendered home/index.html.erb within layouts/application (Duration: 138.3ms | Allocations: 1699)
Started GET "/" for ::1 at 2024-12-31 22:08:27 +0800
  Rendered layouts/_flash.html.erb (Duration: 12.3ms | Allocations: 294)
  Rendered layout layouts/application.html.erb (Duration: 8879.6ms | Allocations: 165141)
Completed 200 OK in 9093ms (Views: 8890.2ms | ActiveRecord: 2.2ms | Allocations: 205835)


Processing by HomeController#index as HTML
  Rendering layout layouts/application.html.erb
  Rendering home/index.html.erb within layouts/application
  Rendered home/_landing.html.erb (Duration: 0.4ms | Allocations: 116)
  Rendered home/index.html.erb within layouts/application (Duration: 1.2ms | Allocations: 228)
  Rendered layouts/_flash.html.erb (Duration: 0.1ms | Allocations: 35)
  Rendered layout layouts/application.html.erb (Duration: 121.7ms | Allocations: 19646)
Completed 200 OK in 168ms (Views: 124.9ms | ActiveRecord: 4.3ms | Allocations: 31097)


Started GET "/users/sign_in" for 127.0.0.1 at 2024-12-31 22:08:46 +0800
Processing by Users::SessionsController#new as HTML
  Rendering layout layouts/application.html.erb
  Rendering users/sessions/new.html.erb within layouts/application
  Rendered users/shared/_links.html.erb (Duration: 82.0ms | Allocations: 1001)
  Rendered users/sessions/new.html.erb within layouts/application (Duration: 287.4ms | Allocations: 5473)
  Rendered layouts/_flash.html.erb (Duration: 0.1ms | Allocations: 35)
  Rendered layout layouts/application.html.erb (Duration: 342.3ms | Allocations: 12307)
Completed 200 OK in 414ms (Views: 368.0ms | ActiveRecord: 1.6ms | Allocations: 30833)


Started GET "/users/sign_up" for 127.0.0.1 at 2024-12-31 22:08:55 +0800
Processing by Users::RegistrationsController#new as HTML
  Rendering layout layouts/application.html.erb
  Rendering users/registrations/new.html.erb within layouts/application
  Rendered users/shared/_error_messages.html.erb (Duration: 22.8ms | Allocations: 261)
  Rendered users/shared/_links.html.erb (Duration: 0.9ms | Allocations: 284)
  Rendered users/registrations/new.html.erb within layouts/application (Duration: 118.7ms | Allocations: 3659)
  Rendered layouts/_flash.html.erb (Duration: 0.1ms | Allocations: 35)
  Rendered layout layouts/application.html.erb (Duration: 167.7ms | Allocations: 10502)
Completed 200 OK in 192ms (Views: 186.8ms | ActiveRecord: 0.0ms | Allocations: 12239)


Started POST "/users/sign_in" for 127.0.0.1 at 2024-12-31 22:09:12 +0800
Processing by Users::SessionsController#create as TURBO_STREAM
  Parameters: {"authenticity_token"=>"[FILTERED]", "user"=>{"email"=>"francisespina2121@gmail.com", "password"=>"[FILTERED]", "remember_me"=>"0"}, "commit"=>"Log in"}
  [1m[36mUser Load (0.5ms)[0m  [1m[34mSELECT "users".* FROM "users" WHERE "users"."email" = ? ORDER BY "users"."id" ASC LIMIT ?[0m  [["email", "francisespina2121@gmail.com"], ["LIMIT", 1]]
  ↳ app/controllers/users/sessions_controller.rb:13:in `create'
Completed 401 Unauthorized in 192ms (ActiveRecord: 0.5ms | Allocations: 8178)


Processing by Users::SessionsController#new as TURBO_STREAM
  Parameters: {"authenticity_token"=>"[FILTERED]", "user"=>{"email"=>"francisespina2121@gmail.com", "password"=>"[FILTERED]", "remember_me"=>"0"}, "commit"=>"Log in"}
  Rendering layout layouts/application.html.erb
  Rendering users/sessions/new.html.erb within layouts/application
  Rendered users/shared/_links.html.erb (Duration: 0.4ms | Allocations: 140)
  Rendered users/sessions/new.html.erb within layouts/application (Duration: 2.8ms | Allocations: 1000)
  Rendered layouts/_flash.html.erb (Duration: 0.1ms | Allocations: 23)
  Rendered layout layouts/application.html.erb (Duration: 56.6ms | Allocations: 7701)
Completed 200 OK in 586ms (Views: 58.3ms | ActiveRecord: 0.0ms | Allocations: 10279)


Started POST "/users/sign_in" for 127.0.0.1 at 2024-12-31 22:09:17 +0800
Processing by Users::SessionsController#create as TURBO_STREAM
  Parameters: {"authenticity_token"=>"[FILTERED]", "user"=>{"email"=>"francisespina2121@gmail.com", "password"=>"[FILTERED]", "remember_me"=>"0"}, "commit"=>"Log in"}
  [1m[36mUser Load (0.4ms)[0m  [1m[34mSELECT "users".* FROM "users" WHERE "users"."email" = ? ORDER BY "users"."id" ASC LIMIT ?[0m  [["email", "francisespina2121@gmail.com"], ["LIMIT", 1]]
  ↳ app/controllers/users/sessions_controller.rb:13:in `create'
Completed 401 Unauthorized in 9ms (ActiveRecord: 0.4ms | Allocations: 1312)


Processing by Users::SessionsController#new as TURBO_STREAM
  Parameters: {"authenticity_token"=>"[FILTERED]", "user"=>{"email"=>"francisespina2121@gmail.com", "password"=>"[FILTERED]", "remember_me"=>"0"}, "commit"=>"Log in"}
  Rendering layout layouts/application.html.erb
  Rendering users/sessions/new.html.erb within layouts/application
  Rendered users/shared/_links.html.erb (Duration: 0.2ms | Allocations: 138)
  Rendered users/sessions/new.html.erb within layouts/application (Duration: 2.1ms | Allocations: 903)
  Rendered layouts/_flash.html.erb (Duration: 0.1ms | Allocations: 21)
  Rendered layout layouts/application.html.erb (Duration: 54.7ms | Allocations: 7481)
Completed 200 OK in 452ms (Views: 56.2ms | ActiveRecord: 0.0ms | Allocations: 8139)


Started POST "/users/sign_in" for 127.0.0.1 at 2024-12-31 22:09:20 +0800
Processing by Users::SessionsController#create as TURBO_STREAM
  Parameters: {"authenticity_token"=>"[FILTERED]", "user"=>{"email"=>"francisespina2121@gmail.com", "password"=>"[FILTERED]", "remember_me"=>"0"}, "commit"=>"Log in"}
  [1m[36mUser Load (0.4ms)[0m  [1m[34mSELECT "users".* FROM "users" WHERE "users"."email" = ? ORDER BY "users"."id" ASC LIMIT ?[0m  [["email", "francisespina2121@gmail.com"], ["LIMIT", 1]]
  ↳ app/controllers/users/sessions_controller.rb:13:in `create'
Completed 401 Unauthorized in 8ms (ActiveRecord: 0.4ms | Allocations: 1106)


Processing by Users::SessionsController#new as TURBO_STREAM
  Parameters: {"authenticity_token"=>"[FILTERED]", "user"=>{"email"=>"francisespina2121@gmail.com", "password"=>"[FILTERED]", "remember_me"=>"0"}, "commit"=>"Log in"}
  Rendering layout layouts/application.html.erb
  Rendering users/sessions/new.html.erb within layouts/application
  Rendered users/shared/_links.html.erb (Duration: 0.5ms | Allocations: 138)
  Rendered users/sessions/new.html.erb within layouts/application (Duration: 3.1ms | Allocations: 903)
  Rendered layouts/_flash.html.erb (Duration: 0.1ms | Allocations: 21)
  Rendered layout layouts/application.html.erb (Duration: 60.7ms | Allocations: 7479)
Completed 200 OK in 451ms (Views: 62.4ms | ActiveRecord: 0.0ms | Allocations: 8126)


Started POST "/users/sign_in" for 127.0.0.1 at 2024-12-31 22:09:24 +0800
Processing by Users::SessionsController#create as TURBO_STREAM
  Parameters: {"authenticity_token"=>"[FILTERED]", "user"=>{"email"=>"francisespina2121@gmail.com", "password"=>"[FILTERED]", "remember_me"=>"0"}, "commit"=>"Log in"}
  [1m[36mUser Load (0.2ms)[0m  [1m[34mSELECT "users".* FROM "users" WHERE "users"."email" = ? ORDER BY "users"."id" ASC LIMIT ?[0m  [["email", "francisespina2121@gmail.com"], ["LIMIT", 1]]
  ↳ app/controllers/users/sessions_controller.rb:13:in `create'
Completed 401 Unauthorized in 8ms (ActiveRecord: 0.2ms | Allocations: 1103)


Processing by Users::SessionsController#new as TURBO_STREAM
  Parameters: {"authenticity_token"=>"[FILTERED]", "user"=>{"email"=>"francisespina2121@gmail.com", "password"=>"[FILTERED]", "remember_me"=>"0"}, "commit"=>"Log in"}
  Rendering layout layouts/application.html.erb
  Rendering users/sessions/new.html.erb within layouts/application
  Rendered users/shared/_links.html.erb (Duration: 0.5ms | Allocations: 138)
  Rendered users/sessions/new.html.erb within layouts/application (Duration: 2.6ms | Allocations: 903)
  Rendered layouts/_flash.html.erb (Duration: 0.1ms | Allocations: 21)
  Rendered layout layouts/application.html.erb (Duration: 65.0ms | Allocations: 7479)
Completed 200 OK in 454ms (Views: 66.6ms | ActiveRecord: 0.0ms | Allocations: 8123)


Started GET "/users/sign_up" for 127.0.0.1 at 2024-12-31 22:09:30 +0800
Processing by Users::RegistrationsController#new as HTML
  Rendering layout layouts/application.html.erb
  Rendering users/registrations/new.html.erb within layouts/application
  Rendered users/shared/_error_messages.html.erb (Duration: 0.1ms | Allocations: 14)
  Rendered users/shared/_links.html.erb (Duration: 0.2ms | Allocations: 82)
  Rendered users/registrations/new.html.erb within layouts/application (Duration: 4.9ms | Allocations: 1486)
  Rendered layouts/_flash.html.erb (Duration: 0.1ms | Allocations: 24)
  Rendered layout layouts/application.html.erb (Duration: 57.1ms | Allocations: 8111)
Completed 200 OK in 63ms (Views: 58.5ms | ActiveRecord: 0.0ms | Allocations: 8839)


Started POST "/users" for 127.0.0.1 at 2024-12-31 22:09:47 +0800
Processing by Users::RegistrationsController#create as TURBO_STREAM
  Parameters: {"authenticity_token"=>"[FILTERED]", "user"=>{"name"=>"francis", "email"=>"fae@mail.com", "password"=>"[FILTERED]", "password_confirmation"=>"[FILTERED]"}, "commit"=>"Sign up"}
  [1m[36mTRANSACTION (0.1ms)[0m  [1m[36mbegin transaction[0m
  ↳ app/controllers/users/registrations_controller.rb:14:in `create'
  [1m[36mUser Exists? (0.3ms)[0m  [1m[34mSELECT 1 AS one FROM "users" WHERE "users"."email" = ? LIMIT ?[0m  [["email", "fae@mail.com"], ["LIMIT", 1]]
  ↳ app/controllers/users/registrations_controller.rb:14:in `create'
  [1m[36mUser Create (1.9ms)[0m  [1m[32mINSERT INTO "users" ("email", "encrypted_password", "reset_password_token", "reset_password_sent_at", "remember_created_at", "created_at", "updated_at", "name") VALUES (?, ?, ?, ?, ?, ?, ?, ?)[0m  [["email", "fae@mail.com"], ["encrypted_password", "[FILTERED]"], ["reset_password_token", "[FILTERED]"], ["reset_password_sent_at", "[FILTERED]"], ["remember_created_at", nil], ["created_at", "2024-12-31 14:09:47.885717"], ["updated_at", "2024-12-31 14:09:47.885717"], ["name", "francis"]]
  ↳ app/controllers/users/registrations_controller.rb:14:in `create'
  [1m[36mTRANSACTION (9.6ms)[0m  [1m[36mcommit transaction[0m
  ↳ app/controllers/users/registrations_controller.rb:14:in `create'
Redirected to http://127.0.0.1:3000/
Completed 303 See Other in 455ms (ActiveRecord: 11.9ms | Allocations: 5861)


Started GET "/" for 127.0.0.1 at 2024-12-31 22:09:48 +0800
Processing by HomeController#index as TURBO_STREAM
  [1m[36mUser Load (0.3ms)[0m  [1m[34mSELECT "users".* FROM "users" WHERE "users"."id" = ? ORDER BY "users"."id" ASC LIMIT ?[0m  [["id", 1], ["LIMIT", 1]]
  ↳ app/controllers/home_controller.rb:3:in `index'
  [1m[36mFriendship Load (0.4ms)[0m  [1m[34mSELECT "friendships".* FROM "friendships" WHERE "friendships"."status" = ? AND (user_id = 1 OR friend_id = 1)[0m  [["status", "accepted"]]
  ↳ app/controllers/home_controller.rb:6:in `map'
  Rendering layout layouts/application.html.erb
  Rendering home/index.html.erb within layouts/application
  [1m[36mUser Load (0.3ms)[0m  [1m[34mSELECT "users".* FROM "users"[0m
  ↳ app/views/home/index.html.erb:28
  [1m[36mPost Load (0.6ms)[0m  [1m[34mSELECT "posts".* FROM "posts" WHERE "posts"."user_id" = ? ORDER BY "posts"."updated_at" DESC[0m  [["user_id", 1]]
  ↳ app/views/home/index.html.erb:65
  Rendered home/index.html.erb within layouts/application (Duration: 185.0ms | Allocations: 8430)
  Rendered layouts/_nav.html.erb (Duration: 14.6ms | Allocations: 752)
  Rendered layouts/_flash.html.erb (Duration: 0.1ms | Allocations: 38)
  Rendered layout layouts/application.html.erb (Duration: 270.3ms | Allocations: 16109)
Completed 200 OK in 488ms (Views: 272.6ms | ActiveRecord: 2.3ms | Allocations: 27390)


Started POST "/users/1/posts" for 127.0.0.1 at 2024-12-31 22:09:56 +0800
Processing by PostsController#create as TURBO_STREAM
  Parameters: {"authenticity_token"=>"[FILTERED]", "post"=>{"content"=>"hey"}, "commit"=>"Post", "user_id"=>"1"}
  [1m[36mUser Load (0.5ms)[0m  [1m[34mSELECT "users".* FROM "users" WHERE "users"."id" = ? LIMIT ?[0m  [["id", 1], ["LIMIT", 1]]
  ↳ app/controllers/posts_controller.rb:33:in `create'
  [1m[36mUser Load (0.4ms)[0m  [1m[34mSELECT "users".* FROM "users" WHERE "users"."id" = ? ORDER BY "users"."id" ASC LIMIT ?[0m  [["id", 1], ["LIMIT", 1]]
  ↳ app/controllers/posts_controller.rb:35:in `create'
  [1m[36mTRANSACTION (0.1ms)[0m  [1m[36mbegin transaction[0m
  ↳ app/controllers/posts_controller.rb:38:in `block in create'
  [1m[36mPost Create (1.9ms)[0m  [1m[32mINSERT INTO "posts" ("content", "user_id", "created_at", "updated_at") VALUES (?, ?, ?, ?)[0m  [["content", "hey"], ["user_id", 1], ["created_at", "2024-12-31 14:09:56.501433"], ["updated_at", "2024-12-31 14:09:56.501433"]]
  ↳ app/controllers/posts_controller.rb:38:in `block in create'
  [1m[36mTRANSACTION (7.8ms)[0m  [1m[36mcommit transaction[0m
  ↳ app/controllers/posts_controller.rb:38:in `block in create'
Redirected to http://127.0.0.1:3000/
Completed 302 Found in 99ms (ActiveRecord: 10.7ms | Allocations: 6214)


Started GET "/" for 127.0.0.1 at 2024-12-31 22:09:56 +0800
Processing by HomeController#index as TURBO_STREAM
  [1m[36mUser Load (0.3ms)[0m  [1m[34mSELECT "users".* FROM "users" WHERE "users"."id" = ? ORDER BY "users"."id" ASC LIMIT ?[0m  [["id", 1], ["LIMIT", 1]]
  ↳ app/controllers/home_controller.rb:3:in `index'
  [1m[36mFriendship Load (0.4ms)[0m  [1m[34mSELECT "friendships".* FROM "friendships" WHERE "friendships"."status" = ? AND (user_id = 1 OR friend_id = 1)[0m  [["status", "accepted"]]
  ↳ app/controllers/home_controller.rb:6:in `map'
  Rendering layout layouts/application.html.erb
  Rendering home/index.html.erb within layouts/application
  [1m[36mUser Load (0.4ms)[0m  [1m[34mSELECT "users".* FROM "users"[0m
  ↳ app/views/home/index.html.erb:28
  [1m[36mPost Load (0.8ms)[0m  [1m[34mSELECT "posts".* FROM "posts" WHERE "posts"."user_id" = ? ORDER BY "posts"."updated_at" DESC[0m  [["user_id", 1]]
  ↳ app/views/home/index.html.erb:65
  [1m[36mLike Exists? (0.5ms)[0m  [1m[34mSELECT 1 AS one FROM "likes" WHERE "likes"."post_id" = ? LIMIT ?[0m  [["post_id", 1], ["LIMIT", 1]]
  ↳ app/views/home/index.html.erb:80
  [1m[36mLike Load (0.4ms)[0m  [1m[34mSELECT "likes".* FROM "likes" WHERE "likes"."post_id" = ? AND "likes"."user_id" = ? LIMIT ?[0m  [["post_id", 1], ["user_id", 1], ["LIMIT", 1]]
  ↳ app/helpers/application_helper.rb:4:in `like_exist'
  Rendered home/index.html.erb within layouts/application (Duration: 21.6ms | Allocations: 5572)
  Rendered layouts/_nav.html.erb (Duration: 1.3ms | Allocations: 357)
  Rendered layouts/_flash.html.erb (Duration: 0.2ms | Allocations: 30)
  Rendered layout layouts/application.html.erb (Duration: 95.2ms | Allocations: 12672)
Completed 200 OK in 109ms (Views: 95.2ms | ActiveRecord: 2.8ms | Allocations: 14693)


Started GET "/" for 127.0.0.1 at 2024-12-31 22:10:01 +0800
Processing by HomeController#index as HTML
  [1m[36mUser Load (0.2ms)[0m  [1m[34mSELECT "users".* FROM "users" WHERE "users"."id" = ? ORDER BY "users"."id" ASC LIMIT ?[0m  [["id", 1], ["LIMIT", 1]]
  ↳ app/controllers/home_controller.rb:3:in `index'
  [1m[36mFriendship Load (0.3ms)[0m  [1m[34mSELECT "friendships".* FROM "friendships" WHERE "friendships"."status" = ? AND (user_id = 1 OR friend_id = 1)[0m  [["status", "accepted"]]
  ↳ app/controllers/home_controller.rb:6:in `map'
  Rendering layout layouts/application.html.erb
  Rendering home/index.html.erb within layouts/application
  [1m[36mUser Load (0.5ms)[0m  [1m[34mSELECT "users".* FROM "users"[0m
  ↳ app/views/home/index.html.erb:28
  [1m[36mPost Load (0.5ms)[0m  [1m[34mSELECT "posts".* FROM "posts" WHERE "posts"."user_id" = ? ORDER BY "posts"."updated_at" DESC[0m  [["user_id", 1]]
  ↳ app/views/home/index.html.erb:65
  [1m[36mLike Exists? (0.6ms)[0m  [1m[34mSELECT 1 AS one FROM "likes" WHERE "likes"."post_id" = ? LIMIT ?[0m  [["post_id", 1], ["LIMIT", 1]]
  ↳ app/views/home/index.html.erb:80
  [1m[36mLike Load (0.3ms)[0m  [1m[34mSELECT "likes".* FROM "likes" WHERE "likes"."post_id" = ? AND "likes"."user_id" = ? LIMIT ?[0m  [["post_id", 1], ["user_id", 1], ["LIMIT", 1]]
  ↳ app/helpers/application_helper.rb:4:in `like_exist'
  Rendered home/index.html.erb within layouts/application (Duration: 39.9ms | Allocations: 3110)
  Rendered layouts/_nav.html.erb (Duration: 0.7ms | Allocations: 348)
  Rendered layouts/_flash.html.erb (Duration: 0.2ms | Allocations: 24)
  Rendered layout layouts/application.html.erb (Duration: 101.5ms | Allocations: 10070)
Completed 200 OK in 120ms (Views: 101.1ms | ActiveRecord: 2.3ms | Allocations: 11886)


Started GET "/users/1" for 127.0.0.1 at 2024-12-31 22:11:41 +0800
Processing by UsersController#show as HTML
  Parameters: {"id"=>"1"}
  [1m[36mUser Load (0.2ms)[0m  [1m[34mSELECT "users".* FROM "users" WHERE "users"."id" = ? ORDER BY "users"."id" ASC LIMIT ?[0m  [["id", 1], ["LIMIT", 1]]
  ↳ app/controllers/users_controller.rb:6:in `show'
  [1m[36mFriendship Load (0.4ms)[0m  [1m[34mSELECT "friendships".* FROM "friendships" WHERE "friendships"."status" = ? AND (user_id = 1 OR friend_id = 1)[0m  [["status", "accepted"]]
  ↳ app/controllers/users_controller.rb:6:in `map'
  [1m[36mUser Load (0.3ms)[0m  [1m[34mSELECT "users".* FROM "users" WHERE "users"."id" = ? LIMIT ?[0m  [["id", 1], ["LIMIT", 1]]
  ↳ app/controllers/users_controller.rb:12:in `show'
  Rendering layout layouts/application.html.erb
  Rendering users/show.html.erb within layouts/application
  [1m[36mPost Load (0.5ms)[0m  [1m[34mSELECT "posts".* FROM "posts" WHERE "posts"."user_id" = ? ORDER BY "posts"."created_at" DESC[0m  [["user_id", 1]]
  ↳ app/views/users/show.html.erb:85
  [1m[36mUser Load (0.2ms)[0m  [1m[34mSELECT "users".* FROM "users" WHERE "users"."id" = ? LIMIT ?[0m  [["id", 1], ["LIMIT", 1]]
  ↳ app/views/users/show.html.erb:88
  [1m[36mLike Exists? (0.2ms)[0m  [1m[34mSELECT 1 AS one FROM "likes" WHERE "likes"."post_id" = ? LIMIT ?[0m  [["post_id", 1], ["LIMIT", 1]]
  ↳ app/views/users/show.html.erb:97
  [1m[36mLike Load (0.2ms)[0m  [1m[34mSELECT "likes".* FROM "likes" WHERE "likes"."post_id" = ? AND "likes"."user_id" = ? LIMIT ?[0m  [["post_id", 1], ["user_id", 1], ["LIMIT", 1]]
  ↳ app/helpers/application_helper.rb:4:in `like_exist'
  Rendered users/show.html.erb within layouts/application (Duration: 164.6ms | Allocations: 5993)
  Rendered layouts/_nav.html.erb (Duration: 0.8ms | Allocations: 376)
  Rendered layouts/_flash.html.erb (Duration: 0.1ms | Allocations: 35)
  Rendered layout layouts/application.html.erb (Duration: 224.0ms | Allocations: 13189)
Completed 200 OK in 270ms (Views: 234.3ms | ActiveRecord: 2.6ms | Allocations: 30162)


Started DELETE "/users/sign_out" for 127.0.0.1 at 2024-12-31 22:13:27 +0800
Processing by Users::SessionsController#destroy as TURBO_STREAM
  Parameters: {"authenticity_token"=>"[FILTERED]"}
  [1m[36mUser Load (0.3ms)[0m  [1m[34mSELECT "users".* FROM "users" WHERE "users"."id" = ? ORDER BY "users"."id" ASC LIMIT ?[0m  [["id", 1], ["LIMIT", 1]]
Redirected to http://127.0.0.1:3000/
Completed 303 See Other in 208ms (ActiveRecord: 0.3ms | Allocations: 9139)


Started GET "/" for 127.0.0.1 at 2024-12-31 22:13:28 +0800
Processing by HomeController#index as TURBO_STREAM
  Rendering layout layouts/application.html.erb
  Rendering home/index.html.erb within layouts/application
  Rendered home/_landing.html.erb (Duration: 0.3ms | Allocations: 80)
  Rendered home/index.html.erb within layouts/application (Duration: 1.1ms | Allocations: 173)
  Rendered layouts/_flash.html.erb (Duration: 0.1ms | Allocations: 31)
  Rendered layout layouts/application.html.erb (Duration: 54.1ms | Allocations: 6925)
Completed 200 OK in 60ms (Views: 55.4ms | ActiveRecord: 0.0ms | Allocations: 7700)


Started GET "/" for 127.0.0.1 at 2024-12-31 22:13:48 +0800
Processing by HomeController#index as HTML
  Rendering layout layouts/application.html.erb
  Rendering home/index.html.erb within layouts/application
  Rendered home/_landing.html.erb (Duration: 1.4ms | Allocations: 262)
  Rendered home/index.html.erb within layouts/application (Duration: 7.6ms | Allocations: 1604)
  Rendered layouts/_flash.html.erb (Duration: 1.2ms | Allocations: 271)
  Rendered layout layouts/application.html.erb (Duration: 89.2ms | Allocations: 9167)
Completed 200 OK in 107ms (Views: 99.2ms | ActiveRecord: 0.0ms | Allocations: 10898)


Started GET "/" for 127.0.0.1 at 2024-12-31 22:13:52 +0800
Processing by HomeController#index as HTML
  Rendering layout layouts/application.html.erb
  Rendering home/index.html.erb within layouts/application
  Rendered home/_landing.html.erb (Duration: 3.0ms | Allocations: 262)
  Rendered home/index.html.erb within layouts/application (Duration: 8.1ms | Allocations: 1603)
  Rendered layouts/_flash.html.erb (Duration: 1.2ms | Allocations: 271)
  Rendered layout layouts/application.html.erb (Duration: 60.6ms | Allocations: 9160)
Completed 200 OK in 80ms (Views: 73.2ms | ActiveRecord: 0.0ms | Allocations: 10965)


Started GET "/users/sign_in" for 127.0.0.1 at 2024-12-31 22:14:18 +0800
Processing by Users::SessionsController#new as HTML
  Rendering layout layouts/application.html.erb
  Rendering users/sessions/new.html.erb within layouts/application
  Rendered users/shared/_links.html.erb (Duration: 1.7ms | Allocations: 610)
  Rendered users/sessions/new.html.erb within layouts/application (Duration: 6.6ms | Allocations: 2075)
  Rendered layouts/_flash.html.erb (Duration: 1.4ms | Allocations: 271)
  Rendered layout layouts/application.html.erb (Duration: 63.1ms | Allocations: 9632)
Completed 200 OK in 95ms (Views: 90.7ms | ActiveRecord: 0.0ms | Allocations: 11717)


Started GET "/" for 127.0.0.1 at 2024-12-31 22:15:20 +0800
Processing by HomeController#index as HTML
  Rendering layout layouts/application.html.erb
  Rendering home/index.html.erb within layouts/application
  Rendered home/_landing.html.erb (Duration: 1.3ms | Allocations: 262)
  Rendered home/index.html.erb within layouts/application (Duration: 5.9ms | Allocations: 1603)
  Rendered layouts/_flash.html.erb (Duration: 1.6ms | Allocations: 271)
  Rendered layout layouts/application.html.erb (Duration: 65.3ms | Allocations: 9160)
Completed 200 OK in 88ms (Views: 79.2ms | ActiveRecord: 0.0ms | Allocations: 10957)


Started GET "/" for ::1 at 2024-12-31 22:16:50 +0800
Processing by HomeController#index as */*
  Rendering layout layouts/application.html.erb
  Rendering home/index.html.erb within layouts/application
  Rendered home/_landing.html.erb (Duration: 1.3ms | Allocations: 262)
  Rendered home/index.html.erb within layouts/application (Duration: 6.6ms | Allocations: 1603)
  Rendered layouts/_flash.html.erb (Duration: 1.2ms | Allocations: 271)
  Rendered layout layouts/application.html.erb (Duration: 62.5ms | Allocations: 9160)
Completed 200 OK in 81ms (Views: 74.2ms | ActiveRecord: 0.0ms | Allocations: 10979)


Started GET "/projects" for ::1 at 2024-12-31 22:16:50 +0800
  
ActionController::RoutingError (No route matches [GET] "/projects"):
  
Started GET "/projects" for ::1 at 2024-12-31 22:16:59 +0800
  
ActionController::RoutingError (No route matches [GET] "/projects"):
  
Started GET "/projects" for ::1 at 2024-12-31 22:17:01 +0800
  
ActionController::RoutingError (No route matches [GET] "/projects"):
  
Started GET "/" for ::1 at 2024-12-31 22:17:04 +0800
Processing by HomeController#index as HTML
  Rendering layout layouts/application.html.erb
  Rendering home/index.html.erb within layouts/application
  Rendered home/_landing.html.erb (Duration: 0.3ms | Allocations: 72)
  Rendered home/index.html.erb within layouts/application (Duration: 1.2ms | Allocations: 152)
  Rendered layouts/_flash.html.erb (Duration: 0.1ms | Allocations: 30)
  Rendered layout layouts/application.html.erb (Duration: 48.7ms | Allocations: 6891)
Completed 200 OK in 55ms (Views: 49.9ms | ActiveRecord: 0.0ms | Allocations: 7561)


